2024-11-26 16:47:35,522 - INFO - 所有依赖检查通过
2024-11-26 16:47:35,523 - INFO - 包版本信息:
2024-11-26 16:47:35,523 - INFO -   numpy: 1.26.4
2024-11-26 16:47:35,523 - INFO -   torch: 2.5.1+cpu
2024-11-26 16:47:35,523 - INFO -   platform: 1.0.8
2024-11-26 16:47:35,523 - INFO -   multiprocessing: 版本未知
2024-11-26 16:47:35,523 - INFO - 所有依赖检查通过
2024-11-26 16:47:35,523 - INFO - 包版本信息:
2024-11-26 16:47:35,523 - INFO -   numpy: 1.26.4
2024-11-26 16:47:35,523 - INFO -   torch: 2.5.1+cpu
2024-11-26 16:47:35,523 - INFO -   platform: 1.0.8
2024-11-26 16:47:35,523 - INFO -   multiprocessing: 版本未知
2024-11-26 16:47:52,334 - INFO - 所有依赖检查通过
2024-11-26 16:47:52,334 - INFO - 包版本信息:
2024-11-26 16:47:52,344 - INFO -   numpy: 1.26.4
2024-11-26 16:47:52,344 - INFO -   torch: 2.5.1+cpu
2024-11-26 16:47:52,344 - INFO -   platform: 1.0.8
2024-11-26 16:47:52,344 - INFO -   multiprocessing: 版本未知
2024-11-26 16:47:52,344 - INFO - 所有依赖检查通过
2024-11-26 16:47:52,344 - INFO - 包版本信息:
2024-11-26 16:47:52,344 - INFO -   numpy: 1.26.4
2024-11-26 16:47:52,344 - INFO -   torch: 2.5.1+cpu
2024-11-26 16:47:52,344 - INFO -   platform: 1.0.8
2024-11-26 16:47:52,344 - INFO -   multiprocessing: 版本未知
2024-11-26 16:48:12,622 - INFO - 开始设置模型超参数
2024-11-26 16:48:26,304 - INFO - 超参数设置完成: {'layer_sizes': [128, 128, 64], 'epochs': 500, 'batch_size': 32, 'learning_rate': 0.001, 'patience': 20}
2024-11-26 16:48:26,304 - INFO - 开始训练模型
2024-11-26 16:48:26,306 - INFO - 模型已加载到设备: cpu
2024-11-26 16:48:27,899 - INFO - 第 10 轮更新最佳模型，验证损失: 3228.1528
2024-11-26 16:48:28,606 - INFO - 第 20 轮更新最佳模型，验证损失: 1142.1481
2024-11-26 16:48:29,312 - INFO - 第 30 轮更新最佳模型，验证损失: 208.1910
2024-11-26 16:48:30,020 - INFO - 第 40 轮更新最佳模型，验证损失: 77.9027
2024-11-26 16:48:30,769 - INFO - 第 50 轮更新最佳模型，验证损失: 56.4297
2024-11-26 16:48:32,193 - INFO - 第 70 轮更新最佳模型，验证损失: 53.1345
2024-11-26 16:48:32,900 - INFO - 第 80 轮更新最佳模型，验证损失: 45.0260
2024-11-26 16:48:33,617 - INFO - 第 90 轮更新最佳模型，验证损失: 22.8366
2024-11-26 16:48:35,005 - INFO - 第 110 轮更新最佳模型，验证损失: 17.7685
2024-11-26 16:48:36,425 - INFO - 第 130 轮更新最佳模型，验证损失: 14.1871
2024-11-26 16:48:39,354 - INFO - 第 170 轮更新最佳模型，验证损失: 12.0211
2024-11-26 16:48:42,232 - INFO - 第 210 轮更新最佳模型，验证损失: 11.8469
2024-11-26 16:48:47,292 - INFO - 第 280 轮更新最佳模型，验证损失: 8.9812
2024-11-26 16:48:50,186 - INFO - 第 320 轮更新最佳模型，验证损失: 8.9108
2024-11-26 16:48:56,670 - INFO - 第 410 轮更新最佳模型，验证损失: 8.5217
2024-11-26 16:49:02,421 - INFO - 第 490 轮更新最佳模型，验证损失: 8.1927
2024-11-26 16:49:03,131 - INFO - 第 500 轮更新最佳模型，验证损失: 8.0098
2024-11-26 16:49:03,134 - INFO - 模型已保存至 models\model_20241126_164903.pth
2024-11-26 16:49:03,134 - INFO - 模型信息已保存至 models\model_20241126_164903_info.json
2024-11-26 17:10:15,300 - INFO - 所有依赖检查通过
2024-11-26 17:10:15,301 - INFO - 包版本信息:
2024-11-26 17:10:15,301 - INFO -   numpy: 1.26.4
2024-11-26 17:10:15,301 - INFO -   torch: 2.5.1+cpu
2024-11-26 17:10:15,301 - INFO -   platform: 1.0.8
2024-11-26 17:10:15,301 - INFO -   multiprocessing: 版本未知
2024-11-26 17:10:15,301 - INFO - 所有依赖检查通过
2024-11-26 17:10:15,301 - INFO - 包版本信息:
2024-11-26 17:10:15,301 - INFO -   numpy: 1.26.4
2024-11-26 17:10:15,301 - INFO -   torch: 2.5.1+cpu
2024-11-26 17:10:15,301 - INFO -   platform: 1.0.8
2024-11-26 17:10:15,301 - INFO -   multiprocessing: 版本未知
2024-11-26 21:39:58,858 - INFO - 所有依赖检查通过
2024-11-26 21:39:58,869 - INFO - 包版本信息:
2024-11-26 21:39:58,869 - INFO -   numpy: 1.26.4
2024-11-26 21:39:58,869 - INFO -   torch: 2.5.1+cpu
2024-11-26 21:39:58,869 - INFO -   platform: 1.0.8
2024-11-26 21:39:58,869 - INFO -   multiprocessing: 版本未知
2024-11-26 21:39:58,869 - INFO - 所有依赖检查通过
2024-11-26 21:39:58,869 - INFO - 包版本信息:
2024-11-26 21:39:58,869 - INFO -   numpy: 1.26.4
2024-11-26 21:39:58,869 - INFO -   torch: 2.5.1+cpu
2024-11-26 21:39:58,869 - INFO -   platform: 1.0.8
2024-11-26 21:39:58,869 - INFO -   multiprocessing: 版本未知
2024-11-26 21:41:27,534 - INFO - 开始搜索最佳打印参数...
2024-11-26 21:41:27,919 - ERROR - 参数优化过程出错: Object of type float32 is not JSON serializable
